# This file was automatically created by FeynRules 1.7.214
# Mathematica version: 9.0 for Mac OS X x86 (64-bit) (January 24, 2013)
# Date: Mon 26 Aug 2013 03:08:54


# 
# This is the logfile for the model MSSM

# Authors: Benjamin Fuks
# Model version: 1.3.13
# Checking the Quantum numbers
   * Electric charge defined.
# Checking the Lagrangians
   * All Lagrangians are ok.
#
# Particle definitions
#

   * No particles removed. All particles correspond to GenInt setup.

# Automatically assigned PDG numbers
   * Assigned PDG number 9000001 to particle ghG
   * Assigned PDG number 9000002 to particle ghA
   * Assigned PDG number 9000003 to particle ghZ
   * Assigned PDG number 9000004 to particle ghWp
   * Assigned PDG number 9000005 to particle ghWm


# Compulsory PDG codes:
   * Class SM leptons complete.
   * Class SM neutrinos complete.
   * Class SM quarks complete.
   * Class SM gauge bosons complete.
#
# Parameter definitions
#

   * All parameters are ok.


# Vertices
   * Calling FeynmanRules for 1 Lagrangians.
   * Number of classes vertices: 273
   * Number of flavored vertices: 972
   * Saved vertices in InterfaceRun[ 1 ].
   * Checked QNumber conservation.
      - Quantum number GhostNumber conserved in all vertices.
      - Quantum number Q conserved in all vertices.
      - Quantum number Y conserved in all vertices.
   * particles.py written.
   * parameters.py written.
#
# Vertex definitions
#

   * 972 vertices written.
   * vertices.py written.
#
# Lorentz structure definitions
#

   * 20 lorentz structures written.
   * lorentz.py written.
#
# Coupling definitions
#

   * 1089 couplings written.
   * couplings.py written.
#
# Coupling order definitions
#

   * 0 couplings orders written.
   * coupling_orders.py written.
#
# CTCoupling definitions
#

   * 0 CTcouplings written.
   * CT_couplings.py written.
